<?xml version="1.0" encoding="UTF-8"?>
<!-- Generated by org.testng.reporters.JUnitReportReporter -->
<testsuite hostname="DESKTOP-36BV2CH" failures="0" tests="23" name="test.verifyloginTest2" time="110.081" errors="0" timestamp="2026-07-29T21:57:26 IST" skipped="0">
  <testcase classname="test.verifyloginTest2" name="verifyLoginTest" time="5.786"/>
  <testcase classname="test.verifyloginTest2" name="verifyLoginTest" time="6.178"/>
  <testcase classname="test.verifyloginTest2" name="verifyLoginTest" time="4.470"/>
  <testcase classname="test.verifyloginTest2" name="verifyLoginTest" time="4.501"/>
  <testcase classname="test.verifyloginTest2" name="verifyLoginTest" time="4.763"/>
  <testcase classname="test.verifyloginTest2" name="verifyLoginTest" time="3.958"/>
  <testcase classname="test.verifyloginTest2" name="verifyLoginTest" time="4.705"/>
  <testcase classname="test.verifyloginTest2" name="verifyLoginTest" time="5.505"/>
  <testcase classname="test.verifyloginTest2" name="verifyLoginTest" time="4.624"/>
  <testcase classname="test.verifyloginTest2" name="verifyLoginTest" time="4.973"/>
  <testcase classname="test.verifyloginTest2" name="verifyLoginTest" time="4.575"/>
  <testcase classname="test.verifyloginTest2" name="verifyLoginTest" time="4.365"/>
  <testcase classname="test.verifyloginTest2" name="verifyLoginTest" time="5.314"/>
  <testcase classname="test.verifyloginTest2" name="verifyLoginTest" time="4.140"/>
  <testcase classname="test.verifyloginTest2" name="verifyLoginTest" time="4.320"/>
  <testcase classname="test.verifyloginTest2" name="verifyLoginTest" time="4.613"/>
  <testcase classname="test.verifyloginTest2" name="verifyLoginTest" time="4.395"/>
  <testcase classname="test.verifyloginTest2" name="verifyLoginTest" time="4.464"/>
  <testcase classname="test.verifyloginTest2" name="verifyLoginTest" time="3.859"/>
  <testcase classname="test.verifyloginTest2" name="verifyLoginTest" time="5.871"/>
  <testcase classname="test.verifyloginTest2" name="verifyLoginTest" time="5.055"/>
  <testcase classname="test.verifyloginTest2" name="verifyLoginTest" time="5.004"/>
  <testcase classname="test.verifyloginTest2" name="verifyLoginTest" time="4.643"/>
</testsuite> <!-- test.verifyloginTest2 -->
