<?xml version="1.0" encoding="UTF-8"?>
<!-- Generated by org.testng.reporters.JUnitReportReporter -->
<testsuite hostname="DESKTOP-36BV2CH" failures="0" tests="3" name="test.verifyloginTest" time="89.594" errors="0" timestamp="2026-07-29T19:41:15 IST" skipped="0">
  <testcase classname="test.verifyloginTest" name="verifyLoginTest" time="21.697"/>
  <testcase classname="test.verifyloginTest" name="verifyLoginTest" time="20.897"/>
  <testcase classname="test.verifyloginTest" name="verifyLoginTest" time="47.000"/>
</testsuite> <!-- test.verifyloginTest -->
