<?xml version="1.0" encoding="UTF-8"?>
<!-- Generated by org.testng.reporters.JUnitXMLReporter -->
<testsuite ignored="0" hostname="DESKTOP-36BV2CH" failures="0" tests="23" name="Default test" time="110.99" errors="0" timestamp="2026-07-29T21:57:25 IST">
  <testcase classname="test.verifyloginTest2" name="verifyLoginTest" time="1.516"/>
  <testcase classname="test.verifyloginTest2" name="verifyLoginTest" time="0.314"/>
  <testcase classname="test.verifyloginTest2" name="verifyLoginTest" time="0.309"/>
  <testcase classname="test.verifyloginTest2" name="verifyLoginTest" time="0.311"/>
  <testcase classname="test.verifyloginTest2" name="verifyLoginTest" time="0.337"/>
  <testcase classname="test.verifyloginTest2" name="verifyLoginTest" time="0.313"/>
  <testcase classname="test.verifyloginTest2" name="verifyLoginTest" time="0.308"/>
  <testcase classname="test.verifyloginTest2" name="verifyLoginTest" time="0.329"/>
  <testcase classname="test.verifyloginTest2" name="verifyLoginTest" time="0.308"/>
  <testcase classname="test.verifyloginTest2" name="verifyLoginTest" time="0.332"/>
  <testcase classname="test.verifyloginTest2" name="verifyLoginTest" time="0.358"/>
  <testcase classname="test.verifyloginTest2" name="verifyLoginTest" time="0.287"/>
  <testcase classname="test.verifyloginTest2" name="verifyLoginTest" time="0.334"/>
  <testcase classname="test.verifyloginTest2" name="verifyLoginTest" time="0.279"/>
  <testcase classname="test.verifyloginTest2" name="verifyLoginTest" time="0.34"/>
  <testcase classname="test.verifyloginTest2" name="verifyLoginTest" time="0.303"/>
  <testcase classname="test.verifyloginTest2" name="verifyLoginTest" time="0.332"/>
  <testcase classname="test.verifyloginTest2" name="verifyLoginTest" time="0.301"/>
  <testcase classname="test.verifyloginTest2" name="verifyLoginTest" time="0.294"/>
  <testcase classname="test.verifyloginTest2" name="verifyLoginTest" time="0.301"/>
  <testcase classname="test.verifyloginTest2" name="verifyLoginTest" time="0.303"/>
  <testcase classname="test.verifyloginTest2" name="verifyLoginTest" time="0.295"/>
  <testcase classname="test.verifyloginTest2" name="verifyLoginTest" time="0.332"/>
</testsuite> <!-- Default test -->
